<?xml version="1.0" encoding="UTF-8"?>
<testsuite xmlns:xsi="http://www.w3.org/2001/XMLSchema-instance" xsi:noNamespaceSchemaLocation="https://maven.apache.org/surefire/maven-surefire-plugin/xsd/surefire-test-report.xsd" version="3.0.2" name="com.nexum.estorno_tarifas.directories.SisbrLauncherTest" time="0.199" tests="6" errors="0" skipped="0" failures="0">
  <properties>
[...]
</properties>
  <testcase name="findsSisbrExecutableInsideDirectory" classname="com.nexum.estorno_tarifas.directories.SisbrLauncherTest" time="0.05"/>
  <testcase name="resolvesQuotedExecutablePath" classname="com.nexum.estorno_tarifas.directories.SisbrLauncherTest" time="0.042"/>
  <testcase name="rejectsWebUrl" classname="com.nexum.estorno_tarifas.directories.SisbrLauncherTest" time="0.015"/>
  <testcase name="resolvesFileUrl" classname="com.nexum.estorno_tarifas.directories.SisbrLauncherTest" time="0.035"/>
  <testcase name="rejectsEmptyConfiguration" classname="com.nexum.estorno_tarifas.directories.SisbrLauncherTest" time="0.013"/>
  <testcase name="rejectsMissingExecutable" classname="com.nexum.estorno_tarifas.directories.SisbrLauncherTest" time="0.018"/>
</testsuite>